\BOOKMARK [0][-]{part.1}{\376\377\000I\000\040\000S\000t\000r\000e\000s\000z\000c\000z\000e\000n\000i\000e}{}% 1
\BOOKMARK [0][-]{part.2}{\376\377\000I\000I\000\040\000S\000p\000r\000a\000w\000o\000z\000d\000a\000n\000i\000e}{}% 2
\BOOKMARK [0][-]{part.3}{\376\377\000I\000I\000I\000\040\000D\000o\000k\000u\000m\000e\000n\000t\000a\000c\000j\000a\000\040\000p\000r\000z\000e\000s\000t\000r\000z\000e\000n\000i\000\040\000n\000a\000z\000w}{}% 3
\BOOKMARK [1][-]{section.1}{\376\377\000D\000o\000k\000u\000m\000e\000n\000t\000a\000c\000j\000a\000\040\000p\000r\000z\000e\000s\000t\000r\000z\000e\000n\000i\000\040\000n\000a\000z\000w\000\040\000a\000r\000r}{part.3}% 4
\BOOKMARK [1][-]{section.2}{\376\377\000D\000o\000k\000u\000m\000e\000n\000t\000a\000c\000j\000a\000\040\000p\000r\000z\000e\000s\000t\000r\000z\000e\000n\000i\000\040\000n\000a\000z\000w\000\040\000l\000s}{part.3}% 5
\BOOKMARK [2][-]{subsection.2.1}{\376\377\000O\000p\000i\000s\000\040\000s\000z\000c\000z\000e\000g\000\363\001\102\000o\000w\000y}{section.2}% 6
\BOOKMARK [0][-]{part.4}{\376\377\000I\000V\000\040\000D\000o\000k\000u\000m\000e\000n\000t\000a\000c\000j\000a\000\040\000k\000l\000a\000s}{}% 7
\BOOKMARK [1][-]{section.3}{\376\377\000D\000o\000k\000u\000m\000e\000n\000t\000a\000c\000j\000a\000\040\000k\000l\000a\000s\000y\000\040\000l\000s\000:\000:\000K\000o\000l\000e\000j\000k\000a}{part.4}% 8
\BOOKMARK [2][-]{subsection.3.1}{\376\377\000O\000p\000i\000s\000\040\000s\000z\000c\000z\000e\000g\000\363\001\102\000o\000w\000y}{section.3}% 9
\BOOKMARK [2][-]{subsection.3.2}{\376\377\000D\000o\000k\000u\000m\000e\000n\000t\000a\000c\000j\000a\000\040\000f\000u\000n\000k\000c\000j\000i\000\040\000s\000k\001\102\000a\000d\000o\000w\000y\000c\000h}{section.3}% 10
\BOOKMARK [3][-]{subsubsection.3.2.1}{\376\377\000p\000o\000p}{subsection.3.2}% 11
\BOOKMARK [1][-]{section.4}{\376\377\000D\000o\000k\000u\000m\000e\000n\000t\000a\000c\000j\000a\000\040\000k\000l\000a\000s\000y\000\040\000a\000r\000r\000:\000:\000K\000o\000l\000e\000j\000k\000a}{part.4}% 12
\BOOKMARK [2][-]{subsection.4.1}{\376\377\000O\000p\000i\000s\000\040\000s\000z\000c\000z\000e\000g\000\363\001\102\000o\000w\000y}{section.4}% 13
\BOOKMARK [2][-]{subsection.4.2}{\376\377\000D\000o\000k\000u\000m\000e\000n\000t\000a\000c\000j\000a\000\040\000k\000o\000n\000s\000t\000r\000u\000k\000t\000o\000r\000a\000\040\000i\000\040\000d\000e\000s\000t\000r\000u\000k\000t\000o\000r\000a}{section.4}% 14
\BOOKMARK [3][-]{subsubsection.4.2.1}{\376\377\000K\000o\000l\000e\000j\000k\000a}{subsection.4.2}% 15
\BOOKMARK [3][-]{subsubsection.4.2.2}{\376\377\000K\000o\000l\000e\000j\000k\000a}{subsection.4.2}% 16
\BOOKMARK [3][-]{subsubsection.4.2.3}{\376\377\000K\000o\000l\000e\000j\000k\000a}{subsection.4.2}% 17
\BOOKMARK [2][-]{subsection.4.3}{\376\377\000D\000o\000k\000u\000m\000e\000n\000t\000a\000c\000j\000a\000\040\000f\000u\000n\000k\000c\000j\000i\000\040\000s\000k\001\102\000a\000d\000o\000w\000y\000c\000h}{section.4}% 18
\BOOKMARK [3][-]{subsubsection.4.3.1}{\376\377\000e\000m\000p\000t\000y}{subsection.4.3}% 19
\BOOKMARK [3][-]{subsubsection.4.3.2}{\376\377\000p\000o\000p}{subsection.4.3}% 20
\BOOKMARK [3][-]{subsubsection.4.3.3}{\376\377\000p\000u\000s\000h}{subsection.4.3}% 21
\BOOKMARK [3][-]{subsubsection.4.3.4}{\376\377\000r\000o\000z\000s\000z\000e\000r\000z\000\137\0001}{subsection.4.3}% 22
\BOOKMARK [3][-]{subsubsection.4.3.5}{\376\377\000r\000o\000z\000s\000z\000e\000r\000z\000\137\000x\0002}{subsection.4.3}% 23
\BOOKMARK [3][-]{subsubsection.4.3.6}{\376\377\000s\000i\000z\000e}{subsection.4.3}% 24
\BOOKMARK [2][-]{subsection.4.4}{\376\377\000D\000o\000k\000u\000m\000e\000n\000t\000a\000c\000j\000a\000\040\000a\000t\000r\000y\000b\000u\000t\000\363\000w\000\040\000s\000k\001\102\000a\000d\000o\000w\000y\000c\000h}{section.4}% 25
\BOOKMARK [3][-]{subsubsection.4.4.1}{\376\377\000p\000o\000j\000e\000m\000n\000o\000s\000c\000\137\000k\000o\000l}{subsection.4.4}% 26
\BOOKMARK [3][-]{subsubsection.4.4.2}{\376\377\000r\000o\000z\000m\000i\000a\000r\000\137\000k\000o\000l}{subsection.4.4}% 27
\BOOKMARK [3][-]{subsubsection.4.4.3}{\376\377\000t\000a\000b\000l\000i\000c\000a}{subsection.4.4}% 28
\BOOKMARK [1][-]{section.5}{\376\377\000D\000o\000k\000u\000m\000e\000n\000t\000a\000c\000j\000a\000\040\000k\000l\000a\000s\000y\000\040\000l\000s\000:\000:\000K\000o\000n\000t\000e\000n\000e\000r}{part.4}% 29
\BOOKMARK [2][-]{subsection.5.1}{\376\377\000O\000p\000i\000s\000\040\000s\000z\000c\000z\000e\000g\000\363\001\102\000o\000w\000y}{section.5}% 30
\BOOKMARK [2][-]{subsection.5.2}{\376\377\000D\000o\000k\000u\000m\000e\000n\000t\000a\000c\000j\000a\000\040\000k\000o\000n\000s\000t\000r\000u\000k\000t\000o\000r\000a\000\040\000i\000\040\000d\000e\000s\000t\000r\000u\000k\000t\000o\000r\000a}{section.5}% 31
\BOOKMARK [3][-]{subsubsection.5.2.1}{\376\377\000K\000o\000n\000t\000e\000n\000e\000r}{subsection.5.2}% 32
\BOOKMARK [3][-]{subsubsection.5.2.2}{\376\377\000K\000o\000n\000t\000e\000n\000e\000r}{subsection.5.2}% 33
\BOOKMARK [2][-]{subsection.5.3}{\376\377\000D\000o\000k\000u\000m\000e\000n\000t\000a\000c\000j\000a\000\040\000f\000u\000n\000k\000c\000j\000i\000\040\000s\000k\001\102\000a\000d\000o\000w\000y\000c\000h}{section.5}% 34
\BOOKMARK [3][-]{subsubsection.5.3.1}{\376\377\000e\000r\000a\000s\000e}{subsection.5.3}% 35
\BOOKMARK [3][-]{subsubsection.5.3.2}{\376\377\000f\000i\000n\000d}{subsection.5.3}% 36
\BOOKMARK [3][-]{subsubsection.5.3.3}{\376\377\000i\000n\000s\000e\000r\000t}{subsection.5.3}% 37
\BOOKMARK [3][-]{subsubsection.5.3.4}{\376\377\000p\000u\000s\000h}{subsection.5.3}% 38
\BOOKMARK [3][-]{subsubsection.5.3.5}{\376\377\000s\000h\000o\000w}{subsection.5.3}% 39
\BOOKMARK [3][-]{subsubsection.5.3.6}{\376\377\000s\000i\000z\000e}{subsection.5.3}% 40
\BOOKMARK [2][-]{subsection.5.4}{\376\377\000D\000o\000k\000u\000m\000e\000n\000t\000a\000c\000j\000a\000\040\000a\000t\000r\000y\000b\000u\000t\000\363\000w\000\040\000s\000k\001\102\000a\000d\000o\000w\000y\000c\000h}{section.5}% 41
\BOOKMARK [3][-]{subsubsection.5.4.1}{\376\377\000a\000l\000f\000a}{subsection.5.4}% 42
\BOOKMARK [1][-]{section.6}{\376\377\000D\000o\000k\000u\000m\000e\000n\000t\000a\000c\000j\000a\000\040\000k\000l\000a\000s\000y\000\040\000a\000r\000r\000:\000:\000L\000i\000s\000t\000a}{part.4}% 43
\BOOKMARK [2][-]{subsection.6.1}{\376\377\000O\000p\000i\000s\000\040\000s\000z\000c\000z\000e\000g\000\363\001\102\000o\000w\000y}{section.6}% 44
\BOOKMARK [2][-]{subsection.6.2}{\376\377\000D\000o\000k\000u\000m\000e\000n\000t\000a\000c\000j\000a\000\040\000k\000o\000n\000s\000t\000r\000u\000k\000t\000o\000r\000a\000\040\000i\000\040\000d\000e\000s\000t\000r\000u\000k\000t\000o\000r\000a}{section.6}% 45
\BOOKMARK [3][-]{subsubsection.6.2.1}{\376\377\000L\000i\000s\000t\000a}{subsection.6.2}% 46
\BOOKMARK [3][-]{subsubsection.6.2.2}{\376\377\000L\000i\000s\000t\000a}{subsection.6.2}% 47
\BOOKMARK [3][-]{subsubsection.6.2.3}{\376\377\000L\000i\000s\000t\000a}{subsection.6.2}% 48
\BOOKMARK [2][-]{subsection.6.3}{\376\377\000D\000o\000k\000u\000m\000e\000n\000t\000a\000c\000j\000a\000\040\000f\000u\000n\000k\000c\000j\000i\000\040\000s\000k\001\102\000a\000d\000o\000w\000y\000c\000h}{section.6}% 49
\BOOKMARK [3][-]{subsubsection.6.3.1}{\376\377\000e\000m\000p\000t\000y}{subsection.6.3}% 50
\BOOKMARK [3][-]{subsubsection.6.3.2}{\376\377\000e\000r\000a\000s\000e}{subsection.6.3}% 51
\BOOKMARK [3][-]{subsubsection.6.3.3}{\376\377\000i\000n\000s\000e\000r\000t}{subsection.6.3}% 52
\BOOKMARK [3][-]{subsubsection.6.3.4}{\376\377\000r\000o\000z\000s\000z\000e\000r\000z\000\137\0001}{subsection.6.3}% 53
\BOOKMARK [3][-]{subsubsection.6.3.5}{\376\377\000r\000o\000z\000s\000z\000e\000r\000z\000\137\000x\0002}{subsection.6.3}% 54
\BOOKMARK [3][-]{subsubsection.6.3.6}{\376\377\000s\000i\000z\000e}{subsection.6.3}% 55
\BOOKMARK [2][-]{subsection.6.4}{\376\377\000D\000o\000k\000u\000m\000e\000n\000t\000a\000c\000j\000a\000\040\000a\000t\000r\000y\000b\000u\000t\000\363\000w\000\040\000s\000k\001\102\000a\000d\000o\000w\000y\000c\000h}{section.6}% 56
\BOOKMARK [3][-]{subsubsection.6.4.1}{\376\377\000p\000o\000j\000e\000m\000n\000o\000s\000c\000\137\000l\000s}{subsection.6.4}% 57
\BOOKMARK [3][-]{subsubsection.6.4.2}{\376\377\000r\000o\000z\000m\000i\000a\000r\000\137\000l\000s}{subsection.6.4}% 58
\BOOKMARK [3][-]{subsubsection.6.4.3}{\376\377\000t\000a\000b\000l\000i\000c\000a}{subsection.6.4}% 59
\BOOKMARK [1][-]{section.7}{\376\377\000D\000o\000k\000u\000m\000e\000n\000t\000a\000c\000j\000a\000\040\000k\000l\000a\000s\000y\000\040\000l\000s\000:\000:\000S\000t\000o\000s}{part.4}% 60
\BOOKMARK [2][-]{subsection.7.1}{\376\377\000O\000p\000i\000s\000\040\000s\000z\000c\000z\000e\000g\000\363\001\102\000o\000w\000y}{section.7}% 61
\BOOKMARK [2][-]{subsection.7.2}{\376\377\000D\000o\000k\000u\000m\000e\000n\000t\000a\000c\000j\000a\000\040\000k\000o\000n\000s\000t\000r\000u\000k\000t\000o\000r\000a\000\040\000i\000\040\000d\000e\000s\000t\000r\000u\000k\000t\000o\000r\000a}{section.7}% 62
\BOOKMARK [3][-]{subsubsection.7.2.1}{\376\377\000S\000t\000o\000s}{subsection.7.2}% 63
\BOOKMARK [2][-]{subsection.7.3}{\376\377\000D\000o\000k\000u\000m\000e\000n\000t\000a\000c\000j\000a\000\040\000f\000u\000n\000k\000c\000j\000i\000\040\000s\000k\001\102\000a\000d\000o\000w\000y\000c\000h}{section.7}% 64
\BOOKMARK [3][-]{subsubsection.7.3.1}{\376\377\000p\000o\000p}{subsection.7.3}% 65
\BOOKMARK [1][-]{section.8}{\376\377\000D\000o\000k\000u\000m\000e\000n\000t\000a\000c\000j\000a\000\040\000k\000l\000a\000s\000y\000\040\000a\000r\000r\000:\000:\000S\000t\000o\000s}{part.4}% 66
\BOOKMARK [2][-]{subsection.8.1}{\376\377\000O\000p\000i\000s\000\040\000s\000z\000c\000z\000e\000g\000\363\001\102\000o\000w\000y}{section.8}% 67
\BOOKMARK [2][-]{subsection.8.2}{\376\377\000D\000o\000k\000u\000m\000e\000n\000t\000a\000c\000j\000a\000\040\000k\000o\000n\000s\000t\000r\000u\000k\000t\000o\000r\000a\000\040\000i\000\040\000d\000e\000s\000t\000r\000u\000k\000t\000o\000r\000a}{section.8}% 68
\BOOKMARK [3][-]{subsubsection.8.2.1}{\376\377\000S\000t\000o\000s}{subsection.8.2}% 69
\BOOKMARK [3][-]{subsubsection.8.2.2}{\376\377\000S\000t\000o\000s}{subsection.8.2}% 70
\BOOKMARK [3][-]{subsubsection.8.2.3}{\376\377\000S\000t\000o\000s}{subsection.8.2}% 71
\BOOKMARK [2][-]{subsection.8.3}{\376\377\000D\000o\000k\000u\000m\000e\000n\000t\000a\000c\000j\000a\000\040\000f\000u\000n\000k\000c\000j\000i\000\040\000s\000k\001\102\000a\000d\000o\000w\000y\000c\000h}{section.8}% 72
\BOOKMARK [3][-]{subsubsection.8.3.1}{\376\377\000e\000m\000p\000t\000y}{subsection.8.3}% 73
\BOOKMARK [3][-]{subsubsection.8.3.2}{\376\377\000p\000o\000p}{subsection.8.3}% 74
\BOOKMARK [3][-]{subsubsection.8.3.3}{\376\377\000p\000u\000s\000h}{subsection.8.3}% 75
\BOOKMARK [3][-]{subsubsection.8.3.4}{\376\377\000r\000o\000z\000s\000z\000e\000r\000z\000\137\0001}{subsection.8.3}% 76
\BOOKMARK [3][-]{subsubsection.8.3.5}{\376\377\000r\000o\000z\000s\000z\000e\000r\000z\000\137\000x\0002}{subsection.8.3}% 77
\BOOKMARK [3][-]{subsubsection.8.3.6}{\376\377\000s\000i\000z\000e}{subsection.8.3}% 78
\BOOKMARK [2][-]{subsection.8.4}{\376\377\000D\000o\000k\000u\000m\000e\000n\000t\000a\000c\000j\000a\000\040\000a\000t\000r\000y\000b\000u\000t\000\363\000w\000\040\000s\000k\001\102\000a\000d\000o\000w\000y\000c\000h}{section.8}% 79
\BOOKMARK [3][-]{subsubsection.8.4.1}{\376\377\000p\000o\000j\000e\000m\000n\000o\000s\000c\000\137\000s\000t\000o\000s\000u}{subsection.8.4}% 80
\BOOKMARK [3][-]{subsubsection.8.4.2}{\376\377\000r\000o\000z\000m\000i\000a\000r\000\137\000s\000t\000o\000s\000u}{subsection.8.4}% 81
\BOOKMARK [3][-]{subsubsection.8.4.3}{\376\377\000t\000a\000b\000l\000i\000c\000a}{subsection.8.4}% 82
